<?xml version="1.0" encoding="UTF-8"?>
<testsuite name="org.omegat.machinetranslators.deepseek.DeepSeekTranslateTest" tests="3" skipped="0" failures="0" errors="0" timestamp="2026-06-17T10:03:08.688Z" hostname="W10-20231029188" time="0.37">
  <properties/>
  <testcase name="extractTranslation" classname="org.omegat.machinetranslators.deepseek.DeepSeekTranslateTest" time="0.311"/>
  <testcase name="createJsonRequest" classname="org.omegat.machinetranslators.deepseek.DeepSeekTranslateTest" time="0.034"/>
  <testcase name="extractTranslationMissingChoiceFails" classname="org.omegat.machinetranslators.deepseek.DeepSeekTranslateTest" time="0.0"/>
  <system-out><![CDATA[]]></system-out>
  <system-err><![CDATA[]]></system-err>
</testsuite>
